2025-11-16T00:38:36.868593+0500 ERROR Botni ishga tushirishda xatolik: Token is invalid! It can't contains spaces.
2025-11-16T00:39:35.229141+0500 ERROR Botni ishga tushirishda xatolik: Token is invalid! It can't contains spaces.
2025-11-16T00:39:42.538615+0500 ERROR Botni ishga tushirishda xatolik: Token is invalid! It can't contains spaces.
2025-11-16T00:40:17.696290+0500 DEBUG Token uzunligi: 78
2025-11-16T00:40:17.698206+0500 ERROR Botni ishga tushirishda xatolik: Token is invalid! It can't contains spaces.
2025-11-16T00:40:26.682589+0500 DEBUG Token uzunligi: 78
2025-11-16T00:40:26.683573+0500 ERROR Botni ishga tushirishda xatolik: Token is invalid! It can't contains spaces.
2025-11-16T00:41:07.287212+0500 DEBUG Token uzunligi: 46
2025-11-16T00:41:07.297818+0500 INFO Bot muvaffaqiyatli ishga tushirildi
2025-11-16T00:41:07.301774+0500 INFO START LOGGER
2025-11-16T00:41:08.606882+0500 DEBUG GREEN SHOP| Started
2025-11-16T00:43:09.019883+0500 DEBUG Token uzunligi: 46
2025-11-16T00:43:09.030890+0500 INFO Bot muvaffaqiyatli ishga tushirildi
2025-11-16T00:43:09.035014+0500 INFO START LOGGER
2025-11-16T00:43:10.062603+0500 DEBUG GREEN SHOP| Started
2025-11-16T00:48:11.072176+0500 DEBUG Token uzunligi: 46
2025-11-16T00:48:11.082177+0500 INFO Bot muvaffaqiyatli ishga tushirildi
2025-11-16T00:48:11.086860+0500 INFO START LOGGER
2025-11-16T00:55:36.879651+0500 DEBUG Token uzunligi: 46
2025-11-16T00:55:36.892320+0500 INFO Bot muvaffaqiyatli ishga tushirildi
2025-11-16T00:55:36.895316+0500 INFO START LOGGER
2025-11-16T00:58:03.326361+0500 DEBUG Token uzunligi: 46
2025-11-16T00:58:03.337609+0500 INFO Bot muvaffaqiyatli ishga tushirildi
2025-11-16T00:58:03.341595+0500 INFO START LOGGER
2025-11-16T00:58:04.511249+0500 DEBUG GREEN SHOP| Started
2025-11-16T00:59:30.173717+0500 DEBUG Token uzunligi: 46
2025-11-16T00:59:30.185704+0500 INFO Bot muvaffaqiyatli ishga tushirildi
2025-11-16T00:59:30.188937+0500 INFO START LOGGER
2025-11-16T00:59:31.327732+0500 DEBUG GREEN SHOP| Started
2025-11-16T01:01:39.106483+0500 DEBUG Token uzunligi: 46
2025-11-16T01:01:39.116262+0500 INFO Bot muvaffaqiyatli ishga tushirildi
2025-11-16T01:01:39.120242+0500 INFO START LOGGER
2025-11-16T01:01:40.146627+0500 DEBUG GREEN SHOP| Started
2025-11-16T01:08:43.159042+0500 DEBUG Token uzunligi: 46
2025-11-16T01:08:43.170041+0500 INFO Bot muvaffaqiyatli ishga tushirildi
2025-11-16T01:08:43.174072+0500 INFO START LOGGER
2025-11-16T01:08:44.812869+0500 DEBUG GREEN SHOP| Started
2025-11-16T01:12:06.663588+0500 DEBUG Token uzunligi: 46
2025-11-16T01:12:06.677693+0500 INFO Bot muvaffaqiyatli ishga tushirildi
2025-11-16T01:12:06.683697+0500 INFO START LOGGER
2025-11-16T01:12:07.851213+0500 DEBUG GREEN SHOP| Started
2025-11-16T01:15:07.740890+0500 DEBUG Token uzunligi: 46
2025-11-16T01:15:07.751220+0500 INFO Bot muvaffaqiyatli ishga tushirildi
2025-11-16T01:15:07.755232+0500 INFO START LOGGER
2025-11-16T01:15:09.104563+0500 DEBUG GREEN SHOP| Started
2025-11-16T01:21:33.301064+0500 DEBUG Token uzunligi: 46
2025-11-16T01:21:33.312709+0500 INFO Bot muvaffaqiyatli ishga tushirildi
2025-11-16T01:21:33.316725+0500 INFO START LOGGER
2025-11-16T01:21:34.494628+0500 DEBUG GREEN SHOP| Started
2025-11-16T01:26:56.083250+0500 DEBUG Token uzunligi: 46
2025-11-16T01:26:56.096554+0500 INFO Bot muvaffaqiyatli ishga tushirildi
2025-11-16T01:26:56.102249+0500 INFO START LOGGER
2025-11-16T01:26:57.119386+0500 DEBUG GREEN SHOP| Started
2025-11-16T01:28:14.588132+0500 DEBUG Token uzunligi: 46
2025-11-16T01:28:14.598848+0500 INFO Bot muvaffaqiyatli ishga tushirildi
2025-11-16T01:28:14.602488+0500 INFO START LOGGER
2025-11-16T01:28:15.918686+0500 DEBUG GREEN SHOP| Started
2025-11-16T01:29:01.586245+0500 DEBUG Token uzunligi: 46
2025-11-16T01:29:01.596875+0500 INFO Bot muvaffaqiyatli ishga tushirildi
2025-11-16T01:29:01.600867+0500 INFO START LOGGER
2025-11-16T01:29:02.995192+0500 DEBUG GREEN SHOP| Started
2025-11-16T01:29:52.129893+0500 DEBUG Token uzunligi: 46
2025-11-16T01:29:52.140963+0500 INFO Bot muvaffaqiyatli ishga tushirildi
2025-11-16T01:29:52.145970+0500 INFO START LOGGER
2025-11-16T01:29:53.186678+0500 DEBUG GREEN SHOP| Started
2025-11-16T01:30:13.435016+0500 DEBUG Token uzunligi: 46
2025-11-16T01:30:13.445263+0500 INFO Bot muvaffaqiyatli ishga tushirildi
2025-11-16T01:30:13.451699+0500 INFO START LOGGER
2025-11-16T01:30:14.837082+0500 DEBUG GREEN SHOP| Started
2025-11-16T01:32:56.494224+0500 DEBUG Token uzunligi: 46
2025-11-16T01:32:56.505688+0500 INFO Bot muvaffaqiyatli ishga tushirildi
2025-11-16T01:32:56.508668+0500 INFO START LOGGER
2025-11-16T01:32:57.540198+0500 DEBUG GREEN SHOP| Started
2025-11-16T01:34:11.574756+0500 DEBUG Token uzunligi: 46
2025-11-16T01:34:11.586795+0500 INFO Bot muvaffaqiyatli ishga tushirildi
2025-11-16T01:34:11.590809+0500 INFO START LOGGER
2025-11-16T01:34:12.611890+0500 DEBUG GREEN SHOP| Started
2025-11-16T01:42:25.295425+0500 DEBUG Token uzunligi: 46
2025-11-16T01:42:25.305670+0500 INFO Bot muvaffaqiyatli ishga tushirildi
2025-11-16T01:42:25.310882+0500 INFO START LOGGER
2025-11-16T01:42:26.466790+0500 DEBUG GREEN SHOP| Started
2025-11-16T01:55:10.579297+0500 DEBUG Token uzunligi: 46
2025-11-16T01:55:10.591352+0500 INFO Bot muvaffaqiyatli ishga tushirildi
2025-11-16T01:55:10.595366+0500 INFO START LOGGER
2025-11-16T01:55:35.846116+0500 DEBUG Token uzunligi: 46
2025-11-16T01:55:35.856713+0500 INFO Bot muvaffaqiyatli ishga tushirildi
2025-11-16T01:55:35.860421+0500 INFO START LOGGER
